<?xml version="1.0" encoding="UTF-8"?>
<testsuite xmlns:xsi="http://www.w3.org/2001/XMLSchema-instance" xsi:noNamespaceSchemaLocation="https://maven.apache.org/surefire/maven-surefire-plugin/xsd/surefire-test-report-3.0.xsd" version="3.0" name="money.MoneyTest" time="0.04" tests="12" errors="0" skipped="0" failures="0">
  <properties>
    <property name="java.specification.version" value="21"/>
    <property name="sun.jnu.encoding" value="UTF-8"/>
    <property name="java.class.path" value="/home/yuto/WorkSpace/java/tdd_1/target/test-classes:/home/yuto/WorkSpace/java/tdd_1/target/classes:/home/yuto/.m2/repository/org/junit/jupiter/junit-jupiter/5.10.0/junit-jupiter-5.10.0.jar:/home/yuto/.m2/repository/org/junit/jupiter/junit-jupiter-api/5.10.0/junit-jupiter-api-5.10.0.jar:/home/yuto/.m2/repository/org/opentest4j/opentest4j/1.3.0/opentest4j-1.3.0.jar:/home/yuto/.m2/repository/org/junit/platform/junit-platform-commons/1.10.0/junit-platform-commons-1.10.0.jar:/home/yuto/.m2/repository/org/apiguardian/apiguardian-api/1.1.2/apiguardian-api-1.1.2.jar:/home/yuto/.m2/repository/org/junit/jupiter/junit-jupiter-params/5.10.0/junit-jupiter-params-5.10.0.jar:/home/yuto/.m2/repository/org/junit/jupiter/junit-jupiter-engine/5.10.0/junit-jupiter-engine-5.10.0.jar:/home/yuto/.m2/repository/org/junit/platform/junit-platform-engine/1.10.0/junit-platform-engine-1.10.0.jar:"/>
    <property name="java.vm.vendor" value="JetBrains s.r.o."/>
    <property name="sun.arch.data.model" value="64"/>
    <property name="java.vendor.url" value="https://openjdk.org/"/>
    <property name="os.name" value="Linux"/>
    <property name="java.vm.specification.version" value="21"/>
    <property name="sun.java.launcher" value="SUN_STANDARD"/>
    <property name="user.country" value="US"/>
    <property name="sun.boot.library.path" value="/home/yuto/android-studio/jbr/lib"/>
    <property name="sun.java.command" value="/home/yuto/WorkSpace/java/tdd_1/target/surefire/surefirebooter-20250827221053333_3.jar /home/yuto/WorkSpace/java/tdd_1/target/surefire 2025-08-27T22-10-53_265-jvmRun1 surefire-20250827221053333_1tmp surefire_0-20250827221053333_2tmp"/>
    <property name="jdk.debug" value="release"/>
    <property name="surefire.test.class.path" value="/home/yuto/WorkSpace/java/tdd_1/target/test-classes:/home/yuto/WorkSpace/java/tdd_1/target/classes:/home/yuto/.m2/repository/org/junit/jupiter/junit-jupiter/5.10.0/junit-jupiter-5.10.0.jar:/home/yuto/.m2/repository/org/junit/jupiter/junit-jupiter-api/5.10.0/junit-jupiter-api-5.10.0.jar:/home/yuto/.m2/repository/org/opentest4j/opentest4j/1.3.0/opentest4j-1.3.0.jar:/home/yuto/.m2/repository/org/junit/platform/junit-platform-commons/1.10.0/junit-platform-commons-1.10.0.jar:/home/yuto/.m2/repository/org/apiguardian/apiguardian-api/1.1.2/apiguardian-api-1.1.2.jar:/home/yuto/.m2/repository/org/junit/jupiter/junit-jupiter-params/5.10.0/junit-jupiter-params-5.10.0.jar:/home/yuto/.m2/repository/org/junit/jupiter/junit-jupiter-engine/5.10.0/junit-jupiter-engine-5.10.0.jar:/home/yuto/.m2/repository/org/junit/platform/junit-platform-engine/1.10.0/junit-platform-engine-1.10.0.jar:"/>
    <property name="sun.cpu.endian" value="little"/>
    <property name="user.home" value="/home/yuto"/>
    <property name="user.language" value="en"/>
    <property name="java.specification.vendor" value="Oracle Corporation"/>
    <property name="java.version.date" value="2025-01-21"/>
    <property name="java.home" value="/home/yuto/android-studio/jbr"/>
    <property name="file.separator" value="/"/>
    <property name="basedir" value="/home/yuto/WorkSpace/java/tdd_1"/>
    <property name="java.vm.compressedOopsMode" value="32-bit"/>
    <property name="line.separator" value="&#10;"/>
    <property name="java.vm.specification.vendor" value="Oracle Corporation"/>
    <property name="java.specification.name" value="Java Platform API Specification"/>
    <property name="intellij.os.virtualization" value="HyperV"/>
    <property name="jbr.virtualization.information" value="Hyper-V virtualization"/>
    <property name="surefire.real.class.path" value="/home/yuto/WorkSpace/java/tdd_1/target/surefire/surefirebooter-20250827221053333_3.jar"/>
    <property name="sun.management.compiler" value="HotSpot 64-Bit Tiered Compilers"/>
    <property name="java.runtime.version" value="21.0.6+-13368085-b895.109"/>
    <property name="user.name" value="yuto"/>
    <property name="stdout.encoding" value="UTF-8"/>
    <property name="awt.toolkit.name" value="XToolkit"/>
    <property name="path.separator" value=":"/>
    <property name="os.version" value="5.15.146.1-microsoft-standard-WSL2"/>
    <property name="java.runtime.name" value="OpenJDK Runtime Environment"/>
    <property name="file.encoding" value="UTF-8"/>
    <property name="java.vm.name" value="OpenJDK 64-Bit Server VM"/>
    <property name="localRepository" value="/home/yuto/.m2/repository"/>
    <property name="java.vendor.url.bug" value="https://bugreport.java.com/bugreport/"/>
    <property name="java.io.tmpdir" value="/tmp"/>
    <property name="java.version" value="21.0.6"/>
    <property name="user.dir" value="/home/yuto/WorkSpace/java/tdd_1"/>
    <property name="os.arch" value="amd64"/>
    <property name="java.vm.specification.name" value="Java Virtual Machine Specification"/>
    <property name="native.encoding" value="UTF-8"/>
    <property name="java.library.path" value="/usr/java/packages/lib:/usr/lib64:/lib64:/lib:/usr/lib"/>
    <property name="java.vm.info" value="mixed mode"/>
    <property name="stderr.encoding" value="UTF-8"/>
    <property name="java.vendor" value="JetBrains s.r.o."/>
    <property name="java.vm.version" value="21.0.6+-13368085-b895.109"/>
    <property name="sun.io.unicode.encoding" value="UnicodeLittle"/>
    <property name="java.class.version" value="65.0"/>
  </properties>
  <testcase name="testReduceSum" classname="money.MoneyTest" time="0.017"/>
  <testcase name="testSimpleAddition" classname="money.MoneyTest" time="0.001"/>
  <testcase name="testSumTimes" classname="money.MoneyTest" time="0.001"/>
  <testcase name="testMultiplication" classname="money.MoneyTest" time="0.001"/>
  <testcase name="testSumPlusMoney" classname="money.MoneyTest" time="0.001"/>
  <testcase name="testMixedAddition" classname="money.MoneyTest" time="0.0"/>
  <testcase name="testReduceMoney" classname="money.MoneyTest" time="0.0"/>
  <testcase name="testIdentityRate" classname="money.MoneyTest" time="0.001"/>
  <testcase name="testFrancMultiplication" classname="money.MoneyTest" time="0.0"/>
  <testcase name="testCurrency" classname="money.MoneyTest" time="0.001"/>
  <testcase name="testEquality" classname="money.MoneyTest" time="0.001"/>
  <testcase name="testReduceMoneyDifferentCurrency" classname="money.MoneyTest" time="0.0"/>
</testsuite>